<?xml version="1.0" encoding="UTF-8"?>
<!-- Generated by org.testng.reporters.JUnitXMLReporter -->
<testsuite hostname="Paari-Magan" name="Winxpo1215" tests="1" failures="1" timestamp="15 Nov 2021 14:40:57 GMT" time="13.24" errors="0">
  <testcase name="browsertest" time="13.161" classname="com.java.testNG.Browserstack">
    <failure type="org.openqa.selenium.WebDriverException" message="Not supported in OperaDriver yet
Command duration or timeout: 0 milliseconds
Build info: version: &amp;apos;4.0.0&amp;apos;, revision: &amp;apos;3a21814679&amp;apos;
System info: host: &amp;apos;PAARI-MAGAN&amp;apos;, ip: &amp;apos;192.168.0.117&amp;apos;, os.name: &amp;apos;Windows 10&amp;apos;, os.arch: &amp;apos;amd64&amp;apos;, os.version: &amp;apos;10.0&amp;apos;, java.version: &amp;apos;1.8.0_311&amp;apos;
Driver info: org.openqa.selenium.remote.RemoteWebDriver
Command: [4945d357f369ad24dd45f7478189f9df18520835, maximizeCurrentWindow {}]
Capabilities {64bit: false, acceptSslCert: false, acceptSslCerts: false, browser: opera, browserName: opera, browser_name: Opera, browser_version: 12.16, browserstack.appium_version: , browserstack.is_hub_canary: false, buildName: BStack Build Number 1, cssSelectorsEnabled: true, detected_language: selenium/4.0.0 (java windows), javascriptEnabled: true, new_bucketing: true, opera.arguments: {debugproxy: 127.0.0.1:12950, pd: C:\Windows\proxy\opera67674...}, opera.autostart: true, opera.backend: software, opera.binary: C:\Program Files\Opera 12.1..., opera.detach: false, opera.host: 127.0.0.1, opera.idle: false, opera.launcher: C:\Windows\proxy\.launcher\..., opera.logging.level: INFO, opera.no_quit: false, opera.no_restart: false, opera.port: 12950, opera.product: Opera Desktop, opera.runner: com.opera.core.systems.runn..., orig_os: winxp, os: Windows, osVersion: XP, os_version: XP, platform: XP, platformName: XP, resolution: 1920x1080, sessionName: BStack-[Java] Sample Test, takesScreenshot: true, version: 12.16, webdriver.remote.sessionid: 4945d357f369ad24dd45f747818...}
Session ID: 4945d357f369ad24dd45f7478189f9df18520835">
      <![CDATA[org.openqa.selenium.WebDriverException: Not supported in OperaDriver yet
Command duration or timeout: 0 milliseconds
Build info: version: '4.0.0', revision: '3a21814679'
System info: host: 'PAARI-MAGAN', ip: '192.168.0.117', os.name: 'Windows 10', os.arch: 'amd64', os.version: '10.0', java.version: '1.8.0_311'
Driver info: org.openqa.selenium.remote.RemoteWebDriver
Command: [4945d357f369ad24dd45f7478189f9df18520835, maximizeCurrentWindow {}]
Capabilities {64bit: false, acceptSslCert: false, acceptSslCerts: false, browser: opera, browserName: opera, browser_name: Opera, browser_version: 12.16, browserstack.appium_version: , browserstack.is_hub_canary: false, buildName: BStack Build Number 1, cssSelectorsEnabled: true, detected_language: selenium/4.0.0 (java windows), javascriptEnabled: true, new_bucketing: true, opera.arguments: {debugproxy: 127.0.0.1:12950, pd: C:\Windows\proxy\opera67674...}, opera.autostart: true, opera.backend: software, opera.binary: C:\Program Files\Opera 12.1..., opera.detach: false, opera.host: 127.0.0.1, opera.idle: false, opera.launcher: C:\Windows\proxy\.launcher\..., opera.logging.level: INFO, opera.no_quit: false, opera.no_restart: false, opera.port: 12950, opera.product: Opera Desktop, opera.runner: com.opera.core.systems.runn..., orig_os: winxp, os: Windows, osVersion: XP, os_version: XP, platform: XP, platformName: XP, resolution: 1920x1080, sessionName: BStack-[Java] Sample Test, takesScreenshot: true, version: 12.16, webdriver.remote.sessionid: 4945d357f369ad24dd45f747818...}
Session ID: 4945d357f369ad24dd45f7478189f9df18520835
	at org.openqa.selenium.remote.ErrorHandler.createThrowable(ErrorHandler.java:217)
	at org.openqa.selenium.remote.ErrorHandler.throwIfResponseFailed(ErrorHandler.java:169)
	at org.openqa.selenium.remote.codec.jwp.JsonHttpResponseCodec.reconstructValue(JsonHttpResponseCodec.java:41)
	at org.openqa.selenium.remote.codec.AbstractHttpResponseCodec.decode(AbstractHttpResponseCodec.java:83)
	at org.openqa.selenium.remote.codec.AbstractHttpResponseCodec.decode(AbstractHttpResponseCodec.java:47)
	at org.openqa.selenium.remote.HttpCommandExecutor.execute(HttpCommandExecutor.java:184)
	at org.openqa.selenium.remote.TracedCommandExecutor.execute(TracedCommandExecutor.java:39)
	at org.openqa.selenium.remote.RemoteWebDriver.execute(RemoteWebDriver.java:559)
	at org.openqa.selenium.remote.RemoteWebDriver.execute(RemoteWebDriver.java:614)
	at org.openqa.selenium.remote.RemoteWebDriver.execute(RemoteWebDriver.java:618)
	at org.openqa.selenium.remote.RemoteWebDriver$RemoteWebDriverOptions$RemoteWindow.maximize(RemoteWebDriver.java:928)
	at com.java.testNG.Browserstack.browsertest(Browserstack.java:34)
Caused by: java.lang.UnsupportedOperationException: Not supported in OperaDriver yet
	at com.opera.core.systems.OperaDriver$OperaOptions.window(OperaDriver.java:929)
	at org.openqa.selenium.support.events.EventFiringWebDriver$EventFiringOptions.window(EventFiringWebDriver.java:536)
	at org.openqa.selenium.remote.server.handler.MaximizeWindow.call(MaximizeWindow.java:30)
	at org.openqa.selenium.remote.server.handler.MaximizeWindow.call(MaximizeWindow.java:1)
	at java.util.concurrent.FutureTask.run(Unknown Source)
	at org.openqa.selenium.remote.server.DefaultSession$1.run(DefaultSession.java:169)
	at java.util.concurrent.ThreadPoolExecutor.runWorker(Unknown Source)
	at java.util.concurrent.ThreadPoolExecutor$Worker.run(Unknown Source)
	at java.lang.Thread.run(Unknown Source)
... Removed 29 stack frames]]>
    </failure>
  </testcase> <!-- browsertest -->
</testsuite> <!-- Winxpo1215 -->
